The system is: Linux - 2.6.32-754.2.1.el6.x86_64 - x86_64
Compiling the C compiler identification source file "CMakeCCompilerId.c" succeeded.
Compiler: /opt/mvapich2/intel/ib/bin/mpicc 
Build flags: 
Id flags:  

The output was:
0


Compilation of the C compiler identification source "CMakeCCompilerId.c" produced "a.out"

The C compiler identification is Intel, found in "/home/tislam/Tools/perf-dump-perThread/BUILD-comet/CMakeFiles/3.9.1/CompilerIdC/a.out"

Compiling the CXX compiler identification source file "CMakeCXXCompilerId.cpp" succeeded.
Compiler: /opt/mvapich2/intel/ib/bin/mpic++ 
Build flags: 
Id flags:  

The output was:
0


Compilation of the CXX compiler identification source "CMakeCXXCompilerId.cpp" produced "a.out"

The CXX compiler identification is Intel, found in "/home/tislam/Tools/perf-dump-perThread/BUILD-comet/CMakeFiles/3.9.1/CompilerIdCXX/a.out"

Determining if the C compiler works passed with the following output:
Change Dir: /home/tislam/Tools/perf-dump-perThread/BUILD-comet/CMakeFiles/CMakeTmp

Run Build Command:"/usr/bin/gmake" "cmTC_ebd17/fast"
/usr/bin/gmake -f CMakeFiles/cmTC_ebd17.dir/build.make CMakeFiles/cmTC_ebd17.dir/build
gmake[1]: Entering directory `/home/tislam/Tools/perf-dump-perThread/BUILD-comet/CMakeFiles/CMakeTmp'
Building C object CMakeFiles/cmTC_ebd17.dir/testCCompiler.c.o
/opt/mvapich2/intel/ib/bin/mpicc    -o CMakeFiles/cmTC_ebd17.dir/testCCompiler.c.o   -c /home/tislam/Tools/perf-dump-perThread/BUILD-comet/CMakeFiles/CMakeTmp/testCCompiler.c
Linking C executable cmTC_ebd17
/opt/cmake/bin/cmake -E cmake_link_script CMakeFiles/cmTC_ebd17.dir/link.txt --verbose=1
/opt/mvapich2/intel/ib/bin/mpicc      -rdynamic CMakeFiles/cmTC_ebd17.dir/testCCompiler.c.o  -o cmTC_ebd17 
gmake[1]: Leaving directory `/home/tislam/Tools/perf-dump-perThread/BUILD-comet/CMakeFiles/CMakeTmp'


Detecting C compiler ABI info compiled with the following output:
Change Dir: /home/tislam/Tools/perf-dump-perThread/BUILD-comet/CMakeFiles/CMakeTmp

Run Build Command:"/usr/bin/gmake" "cmTC_291a0/fast"
/usr/bin/gmake -f CMakeFiles/cmTC_291a0.dir/build.make CMakeFiles/cmTC_291a0.dir/build
gmake[1]: Entering directory `/home/tislam/Tools/perf-dump-perThread/BUILD-comet/CMakeFiles/CMakeTmp'
Building C object CMakeFiles/cmTC_291a0.dir/CMakeCCompilerABI.c.o
/opt/mvapich2/intel/ib/bin/mpicc    -o CMakeFiles/cmTC_291a0.dir/CMakeCCompilerABI.c.o   -c /opt/cmake/share/cmake-3.9/Modules/CMakeCCompilerABI.c
Linking C executable cmTC_291a0
/opt/cmake/bin/cmake -E cmake_link_script CMakeFiles/cmTC_291a0.dir/link.txt --verbose=1
/opt/mvapich2/intel/ib/bin/mpicc     -v -rdynamic CMakeFiles/cmTC_291a0.dir/CMakeCCompilerABI.c.o  -o cmTC_291a0 
mpicc for MVAPICH2 version 2.1
icc version 14.0.2 (gcc version 4.8.0 compatibility)
/opt/intel/composer_xe_2013_sp1.2.144/bin/intel64/mcpcom    -mP1OPT_version=14.0-intel64 -mGLOB_diag_file=CMakeFiles/cmTC_291a0.dir/CMakeCCompilerABI.c.diag -mP1OPT_print_version=FALSE -mCG_use_gas_got_workaround=F -mP2OPT_align_option_used=TRUE -mGLOB_gcc_version=480 "-mGLOB_options_string=-I/opt/mvapich2/intel/ib/include -fPIC -O3 -v -rdynamic -o cmTC_291a0 -L/opt/mvapich2/intel/ib/lib -Wl,-rpath -Wl,/opt/mvapich2/intel/ib/lib -Wl,--enable-new-dtags -lmpi" -mGLOB_position_independent_code -mGLOB_preemption_model=3 -mGLOB_cxx_limited_range=FALSE -mCG_extend_parms=FALSE -mGLOB_compiler_bin_directory=/opt/intel/composer_xe_2013_sp1.2.144/bin/intel64 -mGLOB_as_output_backup_file_name=/tmp/iccHJS9sras_.s -mIPOPT_activate -mGLOB_em64t -mGLOB_product_id_code=0x22006d91 -mP3OPT_use_mspp_call_convention -mPGOPTI_value_profile_use=T -mP2OPT_il0_array_sections=TRUE -mGLOB_offload_mode=1 -mP2OPT_offload_unique_var_string=icc1324871865ZXHtMP -mGLOB_opt_level=3 -mP2OPT_hlo_level=3 -mP2OPT_hlo -mP2OPT_hpo_rtt_control=0 -mIPOPT_args_in_regs=0 -mP2OPT_disam_assume_nonstd_intent_in=FALSE -mGLOB_imf_mapping_library=/opt/intel/composer_xe_2013_sp1.2.144/bin/intel64/libiml_attr.so -mIPOPT_link -mIPOPT_ipo_activate -mIPOPT_mo_activate -mIPOPT_source_files_list=/tmp/iccslisY5lfxa -mIPOPT_mo_global_data -mIPOPT_link_script_file=/tmp/iccscriptfbesQA "-mIPOPT_cmdline_link="/usr/lib/../lib64/crt1.o" "/usr/lib/../lib64/crti.o" "/opt/gnu/gcc/lib/gcc/x86_64-unknown-linux-gnu/4.9.2/crtbegin.o" "-export-dynamic" "--eh-frame-hdr" "--build-id" "-dynamic-linker" "/lib64/ld-linux-x86-64.so.2" "-L/opt/mvapich2/intel/ib/lib" "-o" "cmTC_291a0" "-L/opt/intel/composer_xe_2013_sp1.2.144/compiler/lib/intel64" "-L/opt/intel/composer_xe_2013_sp1.2.144/ipp/../compiler/lib/intel64" "-L/opt/intel/composer_xe_2013_sp1.2.144/ipp/lib/intel64" "-L/opt/intel/composer_xe_2013_sp1.2.144/compiler/lib/intel64" "-L/opt/intel/composer_xe_2013_sp1.2.144/mkl/lib/intel64" "-L/opt/intel/composer_xe_2013_sp1.2.144/tbb/lib/intel64/gcc4.4" "-L/opt/intel/composer_xe_2013_sp1.2.144/compiler/lib/intel64" "-L/opt/gnu/gcc/lib/gcc/x86_64-unknown-linux-gnu/4.9.2/" "-L/opt/gnu/gcc/lib/gcc/x86_64-unknown-linux-gnu/4.9.2/../../../../lib64" "-L/opt/gnu/gcc/lib/gcc/x86_64-unknown-linux-gnu/4.9.2/../../../../lib64/" "-L/lib/../lib64" "-L/lib/../lib64/" "-L/usr/lib/../lib64" "-L/usr/lib/../lib64/" "-L/opt/intel/composer_xe_2013_sp1.2.144/compiler/lib/intel64/" "-L/opt/intel/composer_xe_2013_sp1.2.144/ipp/../compiler/lib/intel64/" "-L/opt/intel/composer_xe_2013_sp1.2.144/ipp/lib/intel64/" "-L/opt/intel/composer_xe_2013_sp1.2.144/mkl/lib/intel64/" "-L/opt/intel/composer_xe_2013_sp1.2.144/tbb/lib/intel64/gcc4.4/" "-L/opt/gnu/gcc/lib/gcc/x86_64-unknown-linux-gnu/4.9.2/../../../" "-L/lib64" "-L/lib/" "-L/usr/lib64" "-L/usr/lib" "CMakeFiles/cmTC_291a0.dir/CMakeCCompilerABI.c.o" "-rpath" "/opt/mvapich2/intel/ib/lib" "--enable-new-dtags" "-lmpi" "-Bdynamic" "-Bstatic" "-limf" "-lsvml" "-lirng" "-Bdynamic" "-lm" "-Bstatic" "-lipgo" "-ldecimal" "--as-needed" "-Bdynamic" "-lcilkrts" "-lstdc++" "--no-as-needed" "-lgcc" "-lgcc_s" "-Bstatic" "-lirc" "-lsvml" "-Bdynamic" "-lc" "-lgcc" "-lgcc_s" "-Bstatic" "-lirc_s" "-Bdynamic" "-ldl" "-lc" "/opt/gnu/gcc/lib/gcc/x86_64-unknown-linux-gnu/4.9.2/crtend.o" "/usr/lib/../lib64/crtn.o"" -mIPOPT_il_in_obj -mIPOPT_ipo_activate_warn=FALSE -mIPOPT_obj_output_file_name=/tmp/ipo_icc0O44FC.o -mIPOPT_whole_archive_fixup_file_name=/tmp/iccwarchJfMjzx -mGLOB_linker_version=2.25 -mGLOB_long_size_64 -mGLOB_routine_pointer_size_64 -mGLOB_driver_tempfile_name=/tmp/icctempfile8kggWX -mP3OPT_asm_target=P3OPT_ASM_TARGET_GAS -mGLOB_async_unwind_tables=TRUE -mGLOB_obj_output_file=/tmp/ipo_icc0O44FC.o -mGLOB_source_dialect=GLOB_SOURCE_DIALECT_NONE -mP1OPT_source_file_name=ipo_out.c CMakeFiles/cmTC_291a0.dir/CMakeCCompilerABI.c.o -mIPOPT_object_files=T -mIPOPT_assembly_files=/tmp/iccalisAfpsit -mIPOPT_generated_tempfiles=/tmp/iccelisjBeEBT -mIPOPT_embedded_object_base_name=/tmp/icceobjwKmQUj -mIPOPT_cmdline_link_new_name=/tmp/iccllisP8Q2dK
ld    /usr/lib/../lib64/crt1.o /usr/lib/../lib64/crti.o /opt/gnu/gcc/lib/gcc/x86_64-unknown-linux-gnu/4.9.2/crtbegin.o -export-dynamic --eh-frame-hdr --build-id -dynamic-linker /lib64/ld-linux-x86-64.so.2 -L/opt/mvapich2/intel/ib/lib -o cmTC_291a0 -L/opt/intel/composer_xe_2013_sp1.2.144/compiler/lib/intel64 -L/opt/intel/composer_xe_2013_sp1.2.144/ipp/../compiler/lib/intel64 -L/opt/intel/composer_xe_2013_sp1.2.144/ipp/lib/intel64 -L/opt/intel/composer_xe_2013_sp1.2.144/compiler/lib/intel64 -L/opt/intel/composer_xe_2013_sp1.2.144/mkl/lib/intel64 -L/opt/intel/composer_xe_2013_sp1.2.144/tbb/lib/intel64/gcc4.4 -L/opt/intel/composer_xe_2013_sp1.2.144/compiler/lib/intel64 -L/opt/gnu/gcc/lib/gcc/x86_64-unknown-linux-gnu/4.9.2/ -L/opt/gnu/gcc/lib/gcc/x86_64-unknown-linux-gnu/4.9.2/../../../../lib64 -L/opt/gnu/gcc/lib/gcc/x86_64-unknown-linux-gnu/4.9.2/../../../../lib64/ -L/lib/../lib64 -L/lib/../lib64/ -L/usr/lib/../lib64 -L/usr/lib/../lib64/ -L/opt/intel/composer_xe_2013_sp1.2.144/compiler/lib/intel64/ -L/opt/intel/composer_xe_2013_sp1.2.144/ipp/../compiler/lib/intel64/ -L/opt/intel/composer_xe_2013_sp1.2.144/ipp/lib/intel64/ -L/opt/intel/composer_xe_2013_sp1.2.144/mkl/lib/intel64/ -L/opt/intel/composer_xe_2013_sp1.2.144/tbb/lib/intel64/gcc4.4/ -L/opt/gnu/gcc/lib/gcc/x86_64-unknown-linux-gnu/4.9.2/../../../ -L/lib64 -L/lib/ -L/usr/lib64 -L/usr/lib CMakeFiles/cmTC_291a0.dir/CMakeCCompilerABI.c.o -rpath /opt/mvapich2/intel/ib/lib --enable-new-dtags -lmpi -Bdynamic -Bstatic -limf -lsvml -lirng -Bdynamic -lm -Bstatic -lipgo -ldecimal --as-needed -Bdynamic -lcilkrts -lstdc++ --no-as-needed -lgcc -lgcc_s -Bstatic -lirc -lsvml -Bdynamic -lc -lgcc -lgcc_s -Bstatic -lirc_s -Bdynamic -ldl -lc /opt/gnu/gcc/lib/gcc/x86_64-unknown-linux-gnu/4.9.2/crtend.o /usr/lib/../lib64/crtn.o
gmake[1]: Leaving directory `/home/tislam/Tools/perf-dump-perThread/BUILD-comet/CMakeFiles/CMakeTmp'


Parsed C implicit link information from above output:
  link line regex: [^( *|.*[/\])(ld|CMAKE_LINK_STARTFILE-NOTFOUND|([^/\]+-)?ld|collect2)[^/\]*( |$)]
  ignore line: [Change Dir: /home/tislam/Tools/perf-dump-perThread/BUILD-comet/CMakeFiles/CMakeTmp]
  ignore line: []
  ignore line: [Run Build Command:"/usr/bin/gmake" "cmTC_291a0/fast"]
  ignore line: [/usr/bin/gmake -f CMakeFiles/cmTC_291a0.dir/build.make CMakeFiles/cmTC_291a0.dir/build]
  ignore line: [gmake[1]: Entering directory `/home/tislam/Tools/perf-dump-perThread/BUILD-comet/CMakeFiles/CMakeTmp']
  ignore line: [Building C object CMakeFiles/cmTC_291a0.dir/CMakeCCompilerABI.c.o]
  ignore line: [/opt/mvapich2/intel/ib/bin/mpicc    -o CMakeFiles/cmTC_291a0.dir/CMakeCCompilerABI.c.o   -c /opt/cmake/share/cmake-3.9/Modules/CMakeCCompilerABI.c]
  ignore line: [Linking C executable cmTC_291a0]
  ignore line: [/opt/cmake/bin/cmake -E cmake_link_script CMakeFiles/cmTC_291a0.dir/link.txt --verbose=1]
  ignore line: [/opt/mvapich2/intel/ib/bin/mpicc     -v -rdynamic CMakeFiles/cmTC_291a0.dir/CMakeCCompilerABI.c.o  -o cmTC_291a0 ]
  ignore line: [mpicc for MVAPICH2 version 2.1]
  ignore line: [icc version 14.0.2 (gcc version 4.8.0 compatibility)]
  ignore line: [/opt/intel/composer_xe_2013_sp1.2.144/bin/intel64/mcpcom    -mP1OPT_version=14.0-intel64 -mGLOB_diag_file=CMakeFiles/cmTC_291a0.dir/CMakeCCompilerABI.c.diag -mP1OPT_print_version=FALSE -mCG_use_gas_got_workaround=F -mP2OPT_align_option_used=TRUE -mGLOB_gcc_version=480 "-mGLOB_options_string=-I/opt/mvapich2/intel/ib/include -fPIC -O3 -v -rdynamic -o cmTC_291a0 -L/opt/mvapich2/intel/ib/lib -Wl,-rpath -Wl,/opt/mvapich2/intel/ib/lib -Wl,--enable-new-dtags -lmpi" -mGLOB_position_independent_code -mGLOB_preemption_model=3 -mGLOB_cxx_limited_range=FALSE -mCG_extend_parms=FALSE -mGLOB_compiler_bin_directory=/opt/intel/composer_xe_2013_sp1.2.144/bin/intel64 -mGLOB_as_output_backup_file_name=/tmp/iccHJS9sras_.s -mIPOPT_activate -mGLOB_em64t -mGLOB_product_id_code=0x22006d91 -mP3OPT_use_mspp_call_convention -mPGOPTI_value_profile_use=T -mP2OPT_il0_array_sections=TRUE -mGLOB_offload_mode=1 -mP2OPT_offload_unique_var_string=icc1324871865ZXHtMP -mGLOB_opt_level=3 -mP2OPT_hlo_level=3 -mP2OPT_hlo -mP2OPT_hpo_rtt_control=0 -mIPOPT_args_in_regs=0 -mP2OPT_disam_assume_nonstd_intent_in=FALSE -mGLOB_imf_mapping_library=/opt/intel/composer_xe_2013_sp1.2.144/bin/intel64/libiml_attr.so -mIPOPT_link -mIPOPT_ipo_activate -mIPOPT_mo_activate -mIPOPT_source_files_list=/tmp/iccslisY5lfxa -mIPOPT_mo_global_data -mIPOPT_link_script_file=/tmp/iccscriptfbesQA "-mIPOPT_cmdline_link="/usr/lib/../lib64/crt1.o" "/usr/lib/../lib64/crti.o" "/opt/gnu/gcc/lib/gcc/x86_64-unknown-linux-gnu/4.9.2/crtbegin.o" "-export-dynamic" "--eh-frame-hdr" "--build-id" "-dynamic-linker" "/lib64/ld-linux-x86-64.so.2" "-L/opt/mvapich2/intel/ib/lib" "-o" "cmTC_291a0" "-L/opt/intel/composer_xe_2013_sp1.2.144/compiler/lib/intel64" "-L/opt/intel/composer_xe_2013_sp1.2.144/ipp/../compiler/lib/intel64" "-L/opt/intel/composer_xe_2013_sp1.2.144/ipp/lib/intel64" "-L/opt/intel/composer_xe_2013_sp1.2.144/compiler/lib/intel64" "-L/opt/intel/composer_xe_2013_sp1.2.144/mkl/lib/intel64" "-L/opt/intel/composer_xe_2013_sp1.2.144/tbb/lib/intel64/gcc4.4" "-L/opt/intel/composer_xe_2013_sp1.2.144/compiler/lib/intel64" "-L/opt/gnu/gcc/lib/gcc/x86_64-unknown-linux-gnu/4.9.2/" "-L/opt/gnu/gcc/lib/gcc/x86_64-unknown-linux-gnu/4.9.2/../../../../lib64" "-L/opt/gnu/gcc/lib/gcc/x86_64-unknown-linux-gnu/4.9.2/../../../../lib64/" "-L/lib/../lib64" "-L/lib/../lib64/" "-L/usr/lib/../lib64" "-L/usr/lib/../lib64/" "-L/opt/intel/composer_xe_2013_sp1.2.144/compiler/lib/intel64/" "-L/opt/intel/composer_xe_2013_sp1.2.144/ipp/../compiler/lib/intel64/" "-L/opt/intel/composer_xe_2013_sp1.2.144/ipp/lib/intel64/" "-L/opt/intel/composer_xe_2013_sp1.2.144/mkl/lib/intel64/" "-L/opt/intel/composer_xe_2013_sp1.2.144/tbb/lib/intel64/gcc4.4/" "-L/opt/gnu/gcc/lib/gcc/x86_64-unknown-linux-gnu/4.9.2/../../../" "-L/lib64" "-L/lib/" "-L/usr/lib64" "-L/usr/lib" "CMakeFiles/cmTC_291a0.dir/CMakeCCompilerABI.c.o" "-rpath" "/opt/mvapich2/intel/ib/lib" "--enable-new-dtags" "-lmpi" "-Bdynamic" "-Bstatic" "-limf" "-lsvml" "-lirng" "-Bdynamic" "-lm" "-Bstatic" "-lipgo" "-ldecimal" "--as-needed" "-Bdynamic" "-lcilkrts" "-lstdc++" "--no-as-needed" "-lgcc" "-lgcc_s" "-Bstatic" "-lirc" "-lsvml" "-Bdynamic" "-lc" "-lgcc" "-lgcc_s" "-Bstatic" "-lirc_s" "-Bdynamic" "-ldl" "-lc" "/opt/gnu/gcc/lib/gcc/x86_64-unknown-linux-gnu/4.9.2/crtend.o" "/usr/lib/../lib64/crtn.o"" -mIPOPT_il_in_obj -mIPOPT_ipo_activate_warn=FALSE -mIPOPT_obj_output_file_name=/tmp/ipo_icc0O44FC.o -mIPOPT_whole_archive_fixup_file_name=/tmp/iccwarchJfMjzx -mGLOB_linker_version=2.25 -mGLOB_long_size_64 -mGLOB_routine_pointer_size_64 -mGLOB_driver_tempfile_name=/tmp/icctempfile8kggWX -mP3OPT_asm_target=P3OPT_ASM_TARGET_GAS -mGLOB_async_unwind_tables=TRUE -mGLOB_obj_output_file=/tmp/ipo_icc0O44FC.o -mGLOB_source_dialect=GLOB_SOURCE_DIALECT_NONE -mP1OPT_source_file_name=ipo_out.c CMakeFiles/cmTC_291a0.dir/CMakeCCompilerABI.c.o -mIPOPT_object_files=T -mIPOPT_assembly_files=/tmp/iccalisAfpsit -mIPOPT_generated_tempfiles=/tmp/iccelisjBeEBT -mIPOPT_embedded_object_base_name=/tmp/icceobjwKmQUj -mIPOPT_cmdline_link_new_name=/tmp/iccllisP8Q2dK]
  link line: [ld    /usr/lib/../lib64/crt1.o /usr/lib/../lib64/crti.o /opt/gnu/gcc/lib/gcc/x86_64-unknown-linux-gnu/4.9.2/crtbegin.o -export-dynamic --eh-frame-hdr --build-id -dynamic-linker /lib64/ld-linux-x86-64.so.2 -L/opt/mvapich2/intel/ib/lib -o cmTC_291a0 -L/opt/intel/composer_xe_2013_sp1.2.144/compiler/lib/intel64 -L/opt/intel/composer_xe_2013_sp1.2.144/ipp/../compiler/lib/intel64 -L/opt/intel/composer_xe_2013_sp1.2.144/ipp/lib/intel64 -L/opt/intel/composer_xe_2013_sp1.2.144/compiler/lib/intel64 -L/opt/intel/composer_xe_2013_sp1.2.144/mkl/lib/intel64 -L/opt/intel/composer_xe_2013_sp1.2.144/tbb/lib/intel64/gcc4.4 -L/opt/intel/composer_xe_2013_sp1.2.144/compiler/lib/intel64 -L/opt/gnu/gcc/lib/gcc/x86_64-unknown-linux-gnu/4.9.2/ -L/opt/gnu/gcc/lib/gcc/x86_64-unknown-linux-gnu/4.9.2/../../../../lib64 -L/opt/gnu/gcc/lib/gcc/x86_64-unknown-linux-gnu/4.9.2/../../../../lib64/ -L/lib/../lib64 -L/lib/../lib64/ -L/usr/lib/../lib64 -L/usr/lib/../lib64/ -L/opt/intel/composer_xe_2013_sp1.2.144/compiler/lib/intel64/ -L/opt/intel/composer_xe_2013_sp1.2.144/ipp/../compiler/lib/intel64/ -L/opt/intel/composer_xe_2013_sp1.2.144/ipp/lib/intel64/ -L/opt/intel/composer_xe_2013_sp1.2.144/mkl/lib/intel64/ -L/opt/intel/composer_xe_2013_sp1.2.144/tbb/lib/intel64/gcc4.4/ -L/opt/gnu/gcc/lib/gcc/x86_64-unknown-linux-gnu/4.9.2/../../../ -L/lib64 -L/lib/ -L/usr/lib64 -L/usr/lib CMakeFiles/cmTC_291a0.dir/CMakeCCompilerABI.c.o -rpath /opt/mvapich2/intel/ib/lib --enable-new-dtags -lmpi -Bdynamic -Bstatic -limf -lsvml -lirng -Bdynamic -lm -Bstatic -lipgo -ldecimal --as-needed -Bdynamic -lcilkrts -lstdc++ --no-as-needed -lgcc -lgcc_s -Bstatic -lirc -lsvml -Bdynamic -lc -lgcc -lgcc_s -Bstatic -lirc_s -Bdynamic -ldl -lc /opt/gnu/gcc/lib/gcc/x86_64-unknown-linux-gnu/4.9.2/crtend.o /usr/lib/../lib64/crtn.o]
    arg [ld] ==> ignore
    arg [/usr/lib/../lib64/crt1.o] ==> ignore
    arg [/usr/lib/../lib64/crti.o] ==> ignore
    arg [/opt/gnu/gcc/lib/gcc/x86_64-unknown-linux-gnu/4.9.2/crtbegin.o] ==> ignore
    arg [-export-dynamic] ==> ignore
    arg [--eh-frame-hdr] ==> ignore
    arg [--build-id] ==> ignore
    arg [-dynamic-linker] ==> ignore
    arg [/lib64/ld-linux-x86-64.so.2] ==> ignore
    arg [-L/opt/mvapich2/intel/ib/lib] ==> dir [/opt/mvapich2/intel/ib/lib]
    arg [-o] ==> ignore
    arg [cmTC_291a0] ==> ignore
    arg [-L/opt/intel/composer_xe_2013_sp1.2.144/compiler/lib/intel64] ==> dir [/opt/intel/composer_xe_2013_sp1.2.144/compiler/lib/intel64]
    arg [-L/opt/intel/composer_xe_2013_sp1.2.144/ipp/../compiler/lib/intel64] ==> dir [/opt/intel/composer_xe_2013_sp1.2.144/ipp/../compiler/lib/intel64]
    arg [-L/opt/intel/composer_xe_2013_sp1.2.144/ipp/lib/intel64] ==> dir [/opt/intel/composer_xe_2013_sp1.2.144/ipp/lib/intel64]
    arg [-L/opt/intel/composer_xe_2013_sp1.2.144/compiler/lib/intel64] ==> dir [/opt/intel/composer_xe_2013_sp1.2.144/compiler/lib/intel64]
    arg [-L/opt/intel/composer_xe_2013_sp1.2.144/mkl/lib/intel64] ==> dir [/opt/intel/composer_xe_2013_sp1.2.144/mkl/lib/intel64]
    arg [-L/opt/intel/composer_xe_2013_sp1.2.144/tbb/lib/intel64/gcc4.4] ==> dir [/opt/intel/composer_xe_2013_sp1.2.144/tbb/lib/intel64/gcc4.4]
    arg [-L/opt/intel/composer_xe_2013_sp1.2.144/compiler/lib/intel64] ==> dir [/opt/intel/composer_xe_2013_sp1.2.144/compiler/lib/intel64]
    arg [-L/opt/gnu/gcc/lib/gcc/x86_64-unknown-linux-gnu/4.9.2/] ==> dir [/opt/gnu/gcc/lib/gcc/x86_64-unknown-linux-gnu/4.9.2/]
    arg [-L/opt/gnu/gcc/lib/gcc/x86_64-unknown-linux-gnu/4.9.2/../../../../lib64] ==> dir [/opt/gnu/gcc/lib/gcc/x86_64-unknown-linux-gnu/4.9.2/../../../../lib64]
    arg [-L/opt/gnu/gcc/lib/gcc/x86_64-unknown-linux-gnu/4.9.2/../../../../lib64/] ==> dir [/opt/gnu/gcc/lib/gcc/x86_64-unknown-linux-gnu/4.9.2/../../../../lib64/]
    arg [-L/lib/../lib64] ==> dir [/lib/../lib64]
    arg [-L/lib/../lib64/] ==> dir [/lib/../lib64/]
    arg [-L/usr/lib/../lib64] ==> dir [/usr/lib/../lib64]
    arg [-L/usr/lib/../lib64/] ==> dir [/usr/lib/../lib64/]
    arg [-L/opt/intel/composer_xe_2013_sp1.2.144/compiler/lib/intel64/] ==> dir [/opt/intel/composer_xe_2013_sp1.2.144/compiler/lib/intel64/]
    arg [-L/opt/intel/composer_xe_2013_sp1.2.144/ipp/../compiler/lib/intel64/] ==> dir [/opt/intel/composer_xe_2013_sp1.2.144/ipp/../compiler/lib/intel64/]
    arg [-L/opt/intel/composer_xe_2013_sp1.2.144/ipp/lib/intel64/] ==> dir [/opt/intel/composer_xe_2013_sp1.2.144/ipp/lib/intel64/]
    arg [-L/opt/intel/composer_xe_2013_sp1.2.144/mkl/lib/intel64/] ==> dir [/opt/intel/composer_xe_2013_sp1.2.144/mkl/lib/intel64/]
    arg [-L/opt/intel/composer_xe_2013_sp1.2.144/tbb/lib/intel64/gcc4.4/] ==> dir [/opt/intel/composer_xe_2013_sp1.2.144/tbb/lib/intel64/gcc4.4/]
    arg [-L/opt/gnu/gcc/lib/gcc/x86_64-unknown-linux-gnu/4.9.2/../../../] ==> dir [/opt/gnu/gcc/lib/gcc/x86_64-unknown-linux-gnu/4.9.2/../../../]
    arg [-L/lib64] ==> dir [/lib64]
    arg [-L/lib/] ==> dir [/lib/]
    arg [-L/usr/lib64] ==> dir [/usr/lib64]
    arg [-L/usr/lib] ==> dir [/usr/lib]
    arg [CMakeFiles/cmTC_291a0.dir/CMakeCCompilerABI.c.o] ==> ignore
    arg [-rpath] ==> ignore
    arg [/opt/mvapich2/intel/ib/lib] ==> ignore
    arg [--enable-new-dtags] ==> ignore
    arg [-lmpi] ==> lib [mpi]
    arg [-Bdynamic] ==> ignore
    arg [-Bstatic] ==> ignore
    arg [-limf] ==> lib [imf]
    arg [-lsvml] ==> lib [svml]
    arg [-lirng] ==> lib [irng]
    arg [-Bdynamic] ==> ignore
    arg [-lm] ==> lib [m]
    arg [-Bstatic] ==> ignore
    arg [-lipgo] ==> lib [ipgo]
    arg [-ldecimal] ==> lib [decimal]
    arg [--as-needed] ==> ignore
    arg [-Bdynamic] ==> ignore
    arg [-lcilkrts] ==> lib [cilkrts]
    arg [-lstdc++] ==> lib [stdc++]
    arg [--no-as-needed] ==> ignore
    arg [-lgcc] ==> lib [gcc]
    arg [-lgcc_s] ==> lib [gcc_s]
    arg [-Bstatic] ==> ignore
    arg [-lirc] ==> lib [irc]
    arg [-lsvml] ==> lib [svml]
    arg [-Bdynamic] ==> ignore
    arg [-lc] ==> lib [c]
    arg [-lgcc] ==> lib [gcc]
    arg [-lgcc_s] ==> lib [gcc_s]
    arg [-Bstatic] ==> ignore
    arg [-lirc_s] ==> lib [irc_s]
    arg [-Bdynamic] ==> ignore
    arg [-ldl] ==> lib [dl]
    arg [-lc] ==> lib [c]
    arg [/opt/gnu/gcc/lib/gcc/x86_64-unknown-linux-gnu/4.9.2/crtend.o] ==> ignore
    arg [/usr/lib/../lib64/crtn.o] ==> ignore
  collapse library dir [/opt/mvapich2/intel/ib/lib] ==> [/opt/mvapich2/intel/ib/lib]
  collapse library dir [/opt/intel/composer_xe_2013_sp1.2.144/compiler/lib/intel64] ==> [/opt/intel/composer_xe_2013_sp1.2.144/compiler/lib/intel64]
  collapse library dir [/opt/intel/composer_xe_2013_sp1.2.144/ipp/../compiler/lib/intel64] ==> [/opt/intel/composer_xe_2013_sp1.2.144/compiler/lib/intel64]
  collapse library dir [/opt/intel/composer_xe_2013_sp1.2.144/ipp/lib/intel64] ==> [/opt/intel/composer_xe_2013_sp1.2.144/ipp/lib/intel64]
  collapse library dir [/opt/intel/composer_xe_2013_sp1.2.144/compiler/lib/intel64] ==> [/opt/intel/composer_xe_2013_sp1.2.144/compiler/lib/intel64]
  collapse library dir [/opt/intel/composer_xe_2013_sp1.2.144/mkl/lib/intel64] ==> [/opt/intel/composer_xe_2013_sp1.2.144/mkl/lib/intel64]
  collapse library dir [/opt/intel/composer_xe_2013_sp1.2.144/tbb/lib/intel64/gcc4.4] ==> [/opt/intel/composer_xe_2013_sp1.2.144/tbb/lib/intel64/gcc4.4]
  collapse library dir [/opt/intel/composer_xe_2013_sp1.2.144/compiler/lib/intel64] ==> [/opt/intel/composer_xe_2013_sp1.2.144/compiler/lib/intel64]
  collapse library dir [/opt/gnu/gcc/lib/gcc/x86_64-unknown-linux-gnu/4.9.2/] ==> [/opt/gnu/gcc/lib/gcc/x86_64-unknown-linux-gnu/4.9.2]
  collapse library dir [/opt/gnu/gcc/lib/gcc/x86_64-unknown-linux-gnu/4.9.2/../../../../lib64] ==> [/opt/gnu/gcc/lib64]
  collapse library dir [/opt/gnu/gcc/lib/gcc/x86_64-unknown-linux-gnu/4.9.2/../../../../lib64/] ==> [/opt/gnu/gcc/lib64]
  collapse library dir [/lib/../lib64] ==> [/lib64]
  collapse library dir [/lib/../lib64/] ==> [/lib64]
  collapse library dir [/usr/lib/../lib64] ==> [/usr/lib64]
  collapse library dir [/usr/lib/../lib64/] ==> [/usr/lib64]
  collapse library dir [/opt/intel/composer_xe_2013_sp1.2.144/compiler/lib/intel64/] ==> [/opt/intel/composer_xe_2013_sp1.2.144/compiler/lib/intel64]
  collapse library dir [/opt/intel/composer_xe_2013_sp1.2.144/ipp/../compiler/lib/intel64/] ==> [/opt/intel/composer_xe_2013_sp1.2.144/compiler/lib/intel64]
  collapse library dir [/opt/intel/composer_xe_2013_sp1.2.144/ipp/lib/intel64/] ==> [/opt/intel/composer_xe_2013_sp1.2.144/ipp/lib/intel64]
  collapse library dir [/opt/intel/composer_xe_2013_sp1.2.144/mkl/lib/intel64/] ==> [/opt/intel/composer_xe_2013_sp1.2.144/mkl/lib/intel64]
  collapse library dir [/opt/intel/composer_xe_2013_sp1.2.144/tbb/lib/intel64/gcc4.4/] ==> [/opt/intel/composer_xe_2013_sp1.2.144/tbb/lib/intel64/gcc4.4]
  collapse library dir [/opt/gnu/gcc/lib/gcc/x86_64-unknown-linux-gnu/4.9.2/../../../] ==> [/opt/gnu/gcc/lib]
  collapse library dir [/lib64] ==> [/lib64]
  collapse library dir [/lib/] ==> [/lib]
  collapse library dir [/usr/lib64] ==> [/usr/lib64]
  collapse library dir [/usr/lib] ==> [/usr/lib]
  implicit libs: [mpi;imf;svml;irng;m;ipgo;decimal;cilkrts;stdc++;gcc;gcc_s;irc;svml;c;gcc;gcc_s;irc_s;dl;c]
  implicit dirs: [/opt/mvapich2/intel/ib/lib;/opt/intel/composer_xe_2013_sp1.2.144/compiler/lib/intel64;/opt/intel/composer_xe_2013_sp1.2.144/ipp/lib/intel64;/opt/intel/composer_xe_2013_sp1.2.144/mkl/lib/intel64;/opt/intel/composer_xe_2013_sp1.2.144/tbb/lib/intel64/gcc4.4;/opt/gnu/gcc/lib/gcc/x86_64-unknown-linux-gnu/4.9.2;/opt/gnu/gcc/lib64;/lib64;/usr/lib64;/opt/gnu/gcc/lib;/lib;/usr/lib]
  implicit fwks: []




Detecting C [-std=c99] compiler features compiled with the following output:
Change Dir: /home/tislam/Tools/perf-dump-perThread/BUILD-comet/CMakeFiles/CMakeTmp

Run Build Command:"/usr/bin/gmake" "cmTC_000ba/fast"
/usr/bin/gmake -f CMakeFiles/cmTC_000ba.dir/build.make CMakeFiles/cmTC_000ba.dir/build
gmake[1]: Entering directory `/home/tislam/Tools/perf-dump-perThread/BUILD-comet/CMakeFiles/CMakeTmp'
Building C object CMakeFiles/cmTC_000ba.dir/feature_tests.c.o
/opt/mvapich2/intel/ib/bin/mpicc   -std=c99 -o CMakeFiles/cmTC_000ba.dir/feature_tests.c.o   -c /home/tislam/Tools/perf-dump-perThread/BUILD-comet/CMakeFiles/feature_tests.c
Linking C executable cmTC_000ba
/opt/cmake/bin/cmake -E cmake_link_script CMakeFiles/cmTC_000ba.dir/link.txt --verbose=1
/opt/mvapich2/intel/ib/bin/mpicc      -rdynamic CMakeFiles/cmTC_000ba.dir/feature_tests.c.o  -o cmTC_000ba 
gmake[1]: Leaving directory `/home/tislam/Tools/perf-dump-perThread/BUILD-comet/CMakeFiles/CMakeTmp'


    Feature record: C_FEATURE:1c_function_prototypes
    Feature record: C_FEATURE:1c_restrict
    Feature record: C_FEATURE:0c_static_assert
    Feature record: C_FEATURE:1c_variadic_macros


Detecting C [-std=c89] compiler features compiled with the following output:
Change Dir: /home/tislam/Tools/perf-dump-perThread/BUILD-comet/CMakeFiles/CMakeTmp

Run Build Command:"/usr/bin/gmake" "cmTC_57368/fast"
/usr/bin/gmake -f CMakeFiles/cmTC_57368.dir/build.make CMakeFiles/cmTC_57368.dir/build
gmake[1]: Entering directory `/home/tislam/Tools/perf-dump-perThread/BUILD-comet/CMakeFiles/CMakeTmp'
Building C object CMakeFiles/cmTC_57368.dir/feature_tests.c.o
/opt/mvapich2/intel/ib/bin/mpicc   -std=c89 -o CMakeFiles/cmTC_57368.dir/feature_tests.c.o   -c /home/tislam/Tools/perf-dump-perThread/BUILD-comet/CMakeFiles/feature_tests.c
Linking C executable cmTC_57368
/opt/cmake/bin/cmake -E cmake_link_script CMakeFiles/cmTC_57368.dir/link.txt --verbose=1
/opt/mvapich2/intel/ib/bin/mpicc      -rdynamic CMakeFiles/cmTC_57368.dir/feature_tests.c.o  -o cmTC_57368 
gmake[1]: Leaving directory `/home/tislam/Tools/perf-dump-perThread/BUILD-comet/CMakeFiles/CMakeTmp'


    Feature record: C_FEATURE:1c_function_prototypes
    Feature record: C_FEATURE:0c_restrict
    Feature record: C_FEATURE:0c_static_assert
    Feature record: C_FEATURE:0c_variadic_macros
Determining if the CXX compiler works passed with the following output:
Change Dir: /home/tislam/Tools/perf-dump-perThread/BUILD-comet/CMakeFiles/CMakeTmp

Run Build Command:"/usr/bin/gmake" "cmTC_b19dc/fast"
/usr/bin/gmake -f CMakeFiles/cmTC_b19dc.dir/build.make CMakeFiles/cmTC_b19dc.dir/build
gmake[1]: Entering directory `/home/tislam/Tools/perf-dump-perThread/BUILD-comet/CMakeFiles/CMakeTmp'
Building CXX object CMakeFiles/cmTC_b19dc.dir/testCXXCompiler.cxx.o
/opt/mvapich2/intel/ib/bin/mpic++     -o CMakeFiles/cmTC_b19dc.dir/testCXXCompiler.cxx.o -c /home/tislam/Tools/perf-dump-perThread/BUILD-comet/CMakeFiles/CMakeTmp/testCXXCompiler.cxx
Linking CXX executable cmTC_b19dc
/opt/cmake/bin/cmake -E cmake_link_script CMakeFiles/cmTC_b19dc.dir/link.txt --verbose=1
/opt/mvapich2/intel/ib/bin/mpic++       -rdynamic CMakeFiles/cmTC_b19dc.dir/testCXXCompiler.cxx.o  -o cmTC_b19dc 
gmake[1]: Leaving directory `/home/tislam/Tools/perf-dump-perThread/BUILD-comet/CMakeFiles/CMakeTmp'


Detecting CXX compiler ABI info compiled with the following output:
Change Dir: /home/tislam/Tools/perf-dump-perThread/BUILD-comet/CMakeFiles/CMakeTmp

Run Build Command:"/usr/bin/gmake" "cmTC_f7f11/fast"
/usr/bin/gmake -f CMakeFiles/cmTC_f7f11.dir/build.make CMakeFiles/cmTC_f7f11.dir/build
gmake[1]: Entering directory `/home/tislam/Tools/perf-dump-perThread/BUILD-comet/CMakeFiles/CMakeTmp'
Building CXX object CMakeFiles/cmTC_f7f11.dir/CMakeCXXCompilerABI.cpp.o
/opt/mvapich2/intel/ib/bin/mpic++     -o CMakeFiles/cmTC_f7f11.dir/CMakeCXXCompilerABI.cpp.o -c /opt/cmake/share/cmake-3.9/Modules/CMakeCXXCompilerABI.cpp
Linking CXX executable cmTC_f7f11
/opt/cmake/bin/cmake -E cmake_link_script CMakeFiles/cmTC_f7f11.dir/link.txt --verbose=1
/opt/mvapich2/intel/ib/bin/mpic++      -v -rdynamic CMakeFiles/cmTC_f7f11.dir/CMakeCXXCompilerABI.cpp.o  -o cmTC_f7f11 
mpicxx for MVAPICH2 version 2.1
icpc version 14.0.2 (gcc version 4.8.0 compatibility)
/opt/intel/composer_xe_2013_sp1.2.144/bin/intel64/mcpcom    -mP1OPT_version=14.0-intel64 -mGLOB_diag_file=CMakeFiles/cmTC_f7f11.dir/CMakeCXXCompilerABI.cpp.diag -mP1OPT_print_version=FALSE -mCG_use_gas_got_workaround=F -mP2OPT_align_option_used=TRUE -mGLOB_gcc_version=480 "-mGLOB_options_string=-I/opt/mvapich2/intel/ib/include -fPIC -O3 -v -rdynamic -o cmTC_f7f11 -L/opt/mvapich2/intel/ib/lib -lmpicxx -Wl,-rpath -Wl,/opt/mvapich2/intel/ib/lib -Wl,--enable-new-dtags -lmpi" -mGLOB_position_independent_code -mGLOB_preemption_model=3 -mGLOB_cxx_limited_range=FALSE -mCG_extend_parms=FALSE -mGLOB_compiler_bin_directory=/opt/intel/composer_xe_2013_sp1.2.144/bin/intel64 -mGLOB_as_output_backup_file_name=/tmp/icpcHwQbguas_.s -mIPOPT_activate -mGLOB_em64t -mGLOB_product_id_code=0x22006d8e -mP3OPT_use_mspp_call_convention -mPGOPTI_value_profile_use=T -mP2OPT_il0_array_sections=TRUE -mGLOB_offload_mode=1 -mP2OPT_offload_unique_var_string=icpc1145912839cuY4in -mGLOB_opt_level=3 -mP2OPT_hlo_level=3 -mP2OPT_hlo -mP2OPT_hpo_rtt_control=0 -mIPOPT_args_in_regs=0 -mP2OPT_disam_assume_nonstd_intent_in=FALSE -mGLOB_imf_mapping_library=/opt/intel/composer_xe_2013_sp1.2.144/bin/intel64/libiml_attr.so -mIPOPT_link -mIPOPT_ipo_activate -mIPOPT_mo_activate -mIPOPT_source_files_list=/tmp/icpcslisbY4zz1 -mIPOPT_mo_global_data -mIPOPT_link_script_file=/tmp/icpcscriptl6MGNv "-mIPOPT_cmdline_link="/usr/lib/../lib64/crt1.o" "/usr/lib/../lib64/crti.o" "/opt/gnu/gcc/lib/gcc/x86_64-unknown-linux-gnu/4.9.2/crtbegin.o" "-export-dynamic" "--eh-frame-hdr" "--build-id" "-dynamic-linker" "/lib64/ld-linux-x86-64.so.2" "-L/opt/mvapich2/intel/ib/lib" "-o" "cmTC_f7f11" "-L/opt/intel/composer_xe_2013_sp1.2.144/compiler/lib/intel64" "-L/opt/intel/composer_xe_2013_sp1.2.144/ipp/../compiler/lib/intel64" "-L/opt/intel/composer_xe_2013_sp1.2.144/ipp/lib/intel64" "-L/opt/intel/composer_xe_2013_sp1.2.144/compiler/lib/intel64" "-L/opt/intel/composer_xe_2013_sp1.2.144/mkl/lib/intel64" "-L/opt/intel/composer_xe_2013_sp1.2.144/tbb/lib/intel64/gcc4.4" "-L/opt/intel/composer_xe_2013_sp1.2.144/compiler/lib/intel64" "-L/opt/gnu/gcc/lib/gcc/x86_64-unknown-linux-gnu/4.9.2/" "-L/opt/gnu/gcc/lib/gcc/x86_64-unknown-linux-gnu/4.9.2/../../../../lib64" "-L/opt/gnu/gcc/lib/gcc/x86_64-unknown-linux-gnu/4.9.2/../../../../lib64/" "-L/lib/../lib64" "-L/lib/../lib64/" "-L/usr/lib/../lib64" "-L/usr/lib/../lib64/" "-L/opt/intel/composer_xe_2013_sp1.2.144/compiler/lib/intel64/" "-L/opt/intel/composer_xe_2013_sp1.2.144/ipp/../compiler/lib/intel64/" "-L/opt/intel/composer_xe_2013_sp1.2.144/ipp/lib/intel64/" "-L/opt/intel/composer_xe_2013_sp1.2.144/mkl/lib/intel64/" "-L/opt/intel/composer_xe_2013_sp1.2.144/tbb/lib/intel64/gcc4.4/" "-L/opt/gnu/gcc/lib/gcc/x86_64-unknown-linux-gnu/4.9.2/../../../" "-L/lib64" "-L/lib/" "-L/usr/lib64" "-L/usr/lib" "CMakeFiles/cmTC_f7f11.dir/CMakeCXXCompilerABI.cpp.o" "-lmpicxx" "-rpath" "/opt/mvapich2/intel/ib/lib" "--enable-new-dtags" "-lmpi" "-Bdynamic" "-Bstatic" "-limf" "-lsvml" "-lirng" "-Bdynamic" "-lm" "-Bstatic" "-lipgo" "-ldecimal" "--as-needed" "-Bdynamic" "-lcilkrts" "--no-as-needed" "-lstdc++" "-lgcc" "-lgcc_s" "-Bstatic" "-lirc" "-lsvml" "-Bdynamic" "-lc" "-lgcc" "-lgcc_s" "-Bstatic" "-lirc_s" "-Bdynamic" "-ldl" "-lc" "/opt/gnu/gcc/lib/gcc/x86_64-unknown-linux-gnu/4.9.2/crtend.o" "/usr/lib/../lib64/crtn.o"" -mIPOPT_il_in_obj -mIPOPT_ipo_activate_warn=FALSE -mIPOPT_obj_output_file_name=/tmp/ipo_icpcdxm1c6.o -mIPOPT_whole_archive_fixup_file_name=/tmp/icpcwarchIHfNnl -mGLOB_linker_version=2.25 -mGLOB_long_size_64 -mGLOB_routine_pointer_size_64 -mGLOB_driver_tempfile_name=/tmp/icpctempfileUm5HFP -mP3OPT_asm_target=P3OPT_ASM_TARGET_GAS -mGLOB_async_unwind_tables=TRUE -mGLOB_obj_output_file=/tmp/ipo_icpcdxm1c6.o -mGLOB_source_dialect=GLOB_SOURCE_DIALECT_NONE -mP1OPT_source_file_name=ipo_out.c CMakeFiles/cmTC_f7f11.dir/CMakeCXXCompilerABI.cpp.o -mIPOPT_object_files=T -mIPOPT_assembly_files=/tmp/icpcalisNbTbF4 -mIPOPT_generated_tempfiles=/tmp/icpcelismSBhTy -mIPOPT_embedded_object_base_name=/tmp/icpceobjBsCn72 -mIPOPT_cmdline_link_new_name=/tmp/icpcllisjxFtlx
ld    /usr/lib/../lib64/crt1.o /usr/lib/../lib64/crti.o /opt/gnu/gcc/lib/gcc/x86_64-unknown-linux-gnu/4.9.2/crtbegin.o -export-dynamic --eh-frame-hdr --build-id -dynamic-linker /lib64/ld-linux-x86-64.so.2 -L/opt/mvapich2/intel/ib/lib -o cmTC_f7f11 -L/opt/intel/composer_xe_2013_sp1.2.144/compiler/lib/intel64 -L/opt/intel/composer_xe_2013_sp1.2.144/ipp/../compiler/lib/intel64 -L/opt/intel/composer_xe_2013_sp1.2.144/ipp/lib/intel64 -L/opt/intel/composer_xe_2013_sp1.2.144/compiler/lib/intel64 -L/opt/intel/composer_xe_2013_sp1.2.144/mkl/lib/intel64 -L/opt/intel/composer_xe_2013_sp1.2.144/tbb/lib/intel64/gcc4.4 -L/opt/intel/composer_xe_2013_sp1.2.144/compiler/lib/intel64 -L/opt/gnu/gcc/lib/gcc/x86_64-unknown-linux-gnu/4.9.2/ -L/opt/gnu/gcc/lib/gcc/x86_64-unknown-linux-gnu/4.9.2/../../../../lib64 -L/opt/gnu/gcc/lib/gcc/x86_64-unknown-linux-gnu/4.9.2/../../../../lib64/ -L/lib/../lib64 -L/lib/../lib64/ -L/usr/lib/../lib64 -L/usr/lib/../lib64/ -L/opt/intel/composer_xe_2013_sp1.2.144/compiler/lib/intel64/ -L/opt/intel/composer_xe_2013_sp1.2.144/ipp/../compiler/lib/intel64/ -L/opt/intel/composer_xe_2013_sp1.2.144/ipp/lib/intel64/ -L/opt/intel/composer_xe_2013_sp1.2.144/mkl/lib/intel64/ -L/opt/intel/composer_xe_2013_sp1.2.144/tbb/lib/intel64/gcc4.4/ -L/opt/gnu/gcc/lib/gcc/x86_64-unknown-linux-gnu/4.9.2/../../../ -L/lib64 -L/lib/ -L/usr/lib64 -L/usr/lib CMakeFiles/cmTC_f7f11.dir/CMakeCXXCompilerABI.cpp.o -lmpicxx -rpath /opt/mvapich2/intel/ib/lib --enable-new-dtags -lmpi -Bdynamic -Bstatic -limf -lsvml -lirng -Bdynamic -lm -Bstatic -lipgo -ldecimal --as-needed -Bdynamic -lcilkrts --no-as-needed -lstdc++ -lgcc -lgcc_s -Bstatic -lirc -lsvml -Bdynamic -lc -lgcc -lgcc_s -Bstatic -lirc_s -Bdynamic -ldl -lc /opt/gnu/gcc/lib/gcc/x86_64-unknown-linux-gnu/4.9.2/crtend.o /usr/lib/../lib64/crtn.o
gmake[1]: Leaving directory `/home/tislam/Tools/perf-dump-perThread/BUILD-comet/CMakeFiles/CMakeTmp'


Parsed CXX implicit link information from above output:
  link line regex: [^( *|.*[/\])(ld|CMAKE_LINK_STARTFILE-NOTFOUND|([^/\]+-)?ld|collect2)[^/\]*( |$)]
  ignore line: [Change Dir: /home/tislam/Tools/perf-dump-perThread/BUILD-comet/CMakeFiles/CMakeTmp]
  ignore line: []
  ignore line: [Run Build Command:"/usr/bin/gmake" "cmTC_f7f11/fast"]
  ignore line: [/usr/bin/gmake -f CMakeFiles/cmTC_f7f11.dir/build.make CMakeFiles/cmTC_f7f11.dir/build]
  ignore line: [gmake[1]: Entering directory `/home/tislam/Tools/perf-dump-perThread/BUILD-comet/CMakeFiles/CMakeTmp']
  ignore line: [Building CXX object CMakeFiles/cmTC_f7f11.dir/CMakeCXXCompilerABI.cpp.o]
  ignore line: [/opt/mvapich2/intel/ib/bin/mpic++     -o CMakeFiles/cmTC_f7f11.dir/CMakeCXXCompilerABI.cpp.o -c /opt/cmake/share/cmake-3.9/Modules/CMakeCXXCompilerABI.cpp]
  ignore line: [Linking CXX executable cmTC_f7f11]
  ignore line: [/opt/cmake/bin/cmake -E cmake_link_script CMakeFiles/cmTC_f7f11.dir/link.txt --verbose=1]
  ignore line: [/opt/mvapich2/intel/ib/bin/mpic++      -v -rdynamic CMakeFiles/cmTC_f7f11.dir/CMakeCXXCompilerABI.cpp.o  -o cmTC_f7f11 ]
  ignore line: [mpicxx for MVAPICH2 version 2.1]
  ignore line: [icpc version 14.0.2 (gcc version 4.8.0 compatibility)]
  ignore line: [/opt/intel/composer_xe_2013_sp1.2.144/bin/intel64/mcpcom    -mP1OPT_version=14.0-intel64 -mGLOB_diag_file=CMakeFiles/cmTC_f7f11.dir/CMakeCXXCompilerABI.cpp.diag -mP1OPT_print_version=FALSE -mCG_use_gas_got_workaround=F -mP2OPT_align_option_used=TRUE -mGLOB_gcc_version=480 "-mGLOB_options_string=-I/opt/mvapich2/intel/ib/include -fPIC -O3 -v -rdynamic -o cmTC_f7f11 -L/opt/mvapich2/intel/ib/lib -lmpicxx -Wl,-rpath -Wl,/opt/mvapich2/intel/ib/lib -Wl,--enable-new-dtags -lmpi" -mGLOB_position_independent_code -mGLOB_preemption_model=3 -mGLOB_cxx_limited_range=FALSE -mCG_extend_parms=FALSE -mGLOB_compiler_bin_directory=/opt/intel/composer_xe_2013_sp1.2.144/bin/intel64 -mGLOB_as_output_backup_file_name=/tmp/icpcHwQbguas_.s -mIPOPT_activate -mGLOB_em64t -mGLOB_product_id_code=0x22006d8e -mP3OPT_use_mspp_call_convention -mPGOPTI_value_profile_use=T -mP2OPT_il0_array_sections=TRUE -mGLOB_offload_mode=1 -mP2OPT_offload_unique_var_string=icpc1145912839cuY4in -mGLOB_opt_level=3 -mP2OPT_hlo_level=3 -mP2OPT_hlo -mP2OPT_hpo_rtt_control=0 -mIPOPT_args_in_regs=0 -mP2OPT_disam_assume_nonstd_intent_in=FALSE -mGLOB_imf_mapping_library=/opt/intel/composer_xe_2013_sp1.2.144/bin/intel64/libiml_attr.so -mIPOPT_link -mIPOPT_ipo_activate -mIPOPT_mo_activate -mIPOPT_source_files_list=/tmp/icpcslisbY4zz1 -mIPOPT_mo_global_data -mIPOPT_link_script_file=/tmp/icpcscriptl6MGNv "-mIPOPT_cmdline_link="/usr/lib/../lib64/crt1.o" "/usr/lib/../lib64/crti.o" "/opt/gnu/gcc/lib/gcc/x86_64-unknown-linux-gnu/4.9.2/crtbegin.o" "-export-dynamic" "--eh-frame-hdr" "--build-id" "-dynamic-linker" "/lib64/ld-linux-x86-64.so.2" "-L/opt/mvapich2/intel/ib/lib" "-o" "cmTC_f7f11" "-L/opt/intel/composer_xe_2013_sp1.2.144/compiler/lib/intel64" "-L/opt/intel/composer_xe_2013_sp1.2.144/ipp/../compiler/lib/intel64" "-L/opt/intel/composer_xe_2013_sp1.2.144/ipp/lib/intel64" "-L/opt/intel/composer_xe_2013_sp1.2.144/compiler/lib/intel64" "-L/opt/intel/composer_xe_2013_sp1.2.144/mkl/lib/intel64" "-L/opt/intel/composer_xe_2013_sp1.2.144/tbb/lib/intel64/gcc4.4" "-L/opt/intel/composer_xe_2013_sp1.2.144/compiler/lib/intel64" "-L/opt/gnu/gcc/lib/gcc/x86_64-unknown-linux-gnu/4.9.2/" "-L/opt/gnu/gcc/lib/gcc/x86_64-unknown-linux-gnu/4.9.2/../../../../lib64" "-L/opt/gnu/gcc/lib/gcc/x86_64-unknown-linux-gnu/4.9.2/../../../../lib64/" "-L/lib/../lib64" "-L/lib/../lib64/" "-L/usr/lib/../lib64" "-L/usr/lib/../lib64/" "-L/opt/intel/composer_xe_2013_sp1.2.144/compiler/lib/intel64/" "-L/opt/intel/composer_xe_2013_sp1.2.144/ipp/../compiler/lib/intel64/" "-L/opt/intel/composer_xe_2013_sp1.2.144/ipp/lib/intel64/" "-L/opt/intel/composer_xe_2013_sp1.2.144/mkl/lib/intel64/" "-L/opt/intel/composer_xe_2013_sp1.2.144/tbb/lib/intel64/gcc4.4/" "-L/opt/gnu/gcc/lib/gcc/x86_64-unknown-linux-gnu/4.9.2/../../../" "-L/lib64" "-L/lib/" "-L/usr/lib64" "-L/usr/lib" "CMakeFiles/cmTC_f7f11.dir/CMakeCXXCompilerABI.cpp.o" "-lmpicxx" "-rpath" "/opt/mvapich2/intel/ib/lib" "--enable-new-dtags" "-lmpi" "-Bdynamic" "-Bstatic" "-limf" "-lsvml" "-lirng" "-Bdynamic" "-lm" "-Bstatic" "-lipgo" "-ldecimal" "--as-needed" "-Bdynamic" "-lcilkrts" "--no-as-needed" "-lstdc++" "-lgcc" "-lgcc_s" "-Bstatic" "-lirc" "-lsvml" "-Bdynamic" "-lc" "-lgcc" "-lgcc_s" "-Bstatic" "-lirc_s" "-Bdynamic" "-ldl" "-lc" "/opt/gnu/gcc/lib/gcc/x86_64-unknown-linux-gnu/4.9.2/crtend.o" "/usr/lib/../lib64/crtn.o"" -mIPOPT_il_in_obj -mIPOPT_ipo_activate_warn=FALSE -mIPOPT_obj_output_file_name=/tmp/ipo_icpcdxm1c6.o -mIPOPT_whole_archive_fixup_file_name=/tmp/icpcwarchIHfNnl -mGLOB_linker_version=2.25 -mGLOB_long_size_64 -mGLOB_routine_pointer_size_64 -mGLOB_driver_tempfile_name=/tmp/icpctempfileUm5HFP -mP3OPT_asm_target=P3OPT_ASM_TARGET_GAS -mGLOB_async_unwind_tables=TRUE -mGLOB_obj_output_file=/tmp/ipo_icpcdxm1c6.o -mGLOB_source_dialect=GLOB_SOURCE_DIALECT_NONE -mP1OPT_source_file_name=ipo_out.c CMakeFiles/cmTC_f7f11.dir/CMakeCXXCompilerABI.cpp.o -mIPOPT_object_files=T -mIPOPT_assembly_files=/tmp/icpcalisNbTbF4 -mIPOPT_generated_tempfiles=/tmp/icpcelismSBhTy -mIPOPT_embedded_object_base_name=/tmp/icpceobjBsCn72 -mIPOPT_cmdline_link_new_name=/tmp/icpcllisjxFtlx]
  link line: [ld    /usr/lib/../lib64/crt1.o /usr/lib/../lib64/crti.o /opt/gnu/gcc/lib/gcc/x86_64-unknown-linux-gnu/4.9.2/crtbegin.o -export-dynamic --eh-frame-hdr --build-id -dynamic-linker /lib64/ld-linux-x86-64.so.2 -L/opt/mvapich2/intel/ib/lib -o cmTC_f7f11 -L/opt/intel/composer_xe_2013_sp1.2.144/compiler/lib/intel64 -L/opt/intel/composer_xe_2013_sp1.2.144/ipp/../compiler/lib/intel64 -L/opt/intel/composer_xe_2013_sp1.2.144/ipp/lib/intel64 -L/opt/intel/composer_xe_2013_sp1.2.144/compiler/lib/intel64 -L/opt/intel/composer_xe_2013_sp1.2.144/mkl/lib/intel64 -L/opt/intel/composer_xe_2013_sp1.2.144/tbb/lib/intel64/gcc4.4 -L/opt/intel/composer_xe_2013_sp1.2.144/compiler/lib/intel64 -L/opt/gnu/gcc/lib/gcc/x86_64-unknown-linux-gnu/4.9.2/ -L/opt/gnu/gcc/lib/gcc/x86_64-unknown-linux-gnu/4.9.2/../../../../lib64 -L/opt/gnu/gcc/lib/gcc/x86_64-unknown-linux-gnu/4.9.2/../../../../lib64/ -L/lib/../lib64 -L/lib/../lib64/ -L/usr/lib/../lib64 -L/usr/lib/../lib64/ -L/opt/intel/composer_xe_2013_sp1.2.144/compiler/lib/intel64/ -L/opt/intel/composer_xe_2013_sp1.2.144/ipp/../compiler/lib/intel64/ -L/opt/intel/composer_xe_2013_sp1.2.144/ipp/lib/intel64/ -L/opt/intel/composer_xe_2013_sp1.2.144/mkl/lib/intel64/ -L/opt/intel/composer_xe_2013_sp1.2.144/tbb/lib/intel64/gcc4.4/ -L/opt/gnu/gcc/lib/gcc/x86_64-unknown-linux-gnu/4.9.2/../../../ -L/lib64 -L/lib/ -L/usr/lib64 -L/usr/lib CMakeFiles/cmTC_f7f11.dir/CMakeCXXCompilerABI.cpp.o -lmpicxx -rpath /opt/mvapich2/intel/ib/lib --enable-new-dtags -lmpi -Bdynamic -Bstatic -limf -lsvml -lirng -Bdynamic -lm -Bstatic -lipgo -ldecimal --as-needed -Bdynamic -lcilkrts --no-as-needed -lstdc++ -lgcc -lgcc_s -Bstatic -lirc -lsvml -Bdynamic -lc -lgcc -lgcc_s -Bstatic -lirc_s -Bdynamic -ldl -lc /opt/gnu/gcc/lib/gcc/x86_64-unknown-linux-gnu/4.9.2/crtend.o /usr/lib/../lib64/crtn.o]
    arg [ld] ==> ignore
    arg [/usr/lib/../lib64/crt1.o] ==> ignore
    arg [/usr/lib/../lib64/crti.o] ==> ignore
    arg [/opt/gnu/gcc/lib/gcc/x86_64-unknown-linux-gnu/4.9.2/crtbegin.o] ==> ignore
    arg [-export-dynamic] ==> ignore
    arg [--eh-frame-hdr] ==> ignore
    arg [--build-id] ==> ignore
    arg [-dynamic-linker] ==> ignore
    arg [/lib64/ld-linux-x86-64.so.2] ==> ignore
    arg [-L/opt/mvapich2/intel/ib/lib] ==> dir [/opt/mvapich2/intel/ib/lib]
    arg [-o] ==> ignore
    arg [cmTC_f7f11] ==> ignore
    arg [-L/opt/intel/composer_xe_2013_sp1.2.144/compiler/lib/intel64] ==> dir [/opt/intel/composer_xe_2013_sp1.2.144/compiler/lib/intel64]
    arg [-L/opt/intel/composer_xe_2013_sp1.2.144/ipp/../compiler/lib/intel64] ==> dir [/opt/intel/composer_xe_2013_sp1.2.144/ipp/../compiler/lib/intel64]
    arg [-L/opt/intel/composer_xe_2013_sp1.2.144/ipp/lib/intel64] ==> dir [/opt/intel/composer_xe_2013_sp1.2.144/ipp/lib/intel64]
    arg [-L/opt/intel/composer_xe_2013_sp1.2.144/compiler/lib/intel64] ==> dir [/opt/intel/composer_xe_2013_sp1.2.144/compiler/lib/intel64]
    arg [-L/opt/intel/composer_xe_2013_sp1.2.144/mkl/lib/intel64] ==> dir [/opt/intel/composer_xe_2013_sp1.2.144/mkl/lib/intel64]
    arg [-L/opt/intel/composer_xe_2013_sp1.2.144/tbb/lib/intel64/gcc4.4] ==> dir [/opt/intel/composer_xe_2013_sp1.2.144/tbb/lib/intel64/gcc4.4]
    arg [-L/opt/intel/composer_xe_2013_sp1.2.144/compiler/lib/intel64] ==> dir [/opt/intel/composer_xe_2013_sp1.2.144/compiler/lib/intel64]
    arg [-L/opt/gnu/gcc/lib/gcc/x86_64-unknown-linux-gnu/4.9.2/] ==> dir [/opt/gnu/gcc/lib/gcc/x86_64-unknown-linux-gnu/4.9.2/]
    arg [-L/opt/gnu/gcc/lib/gcc/x86_64-unknown-linux-gnu/4.9.2/../../../../lib64] ==> dir [/opt/gnu/gcc/lib/gcc/x86_64-unknown-linux-gnu/4.9.2/../../../../lib64]
    arg [-L/opt/gnu/gcc/lib/gcc/x86_64-unknown-linux-gnu/4.9.2/../../../../lib64/] ==> dir [/opt/gnu/gcc/lib/gcc/x86_64-unknown-linux-gnu/4.9.2/../../../../lib64/]
    arg [-L/lib/../lib64] ==> dir [/lib/../lib64]
    arg [-L/lib/../lib64/] ==> dir [/lib/../lib64/]
    arg [-L/usr/lib/../lib64] ==> dir [/usr/lib/../lib64]
    arg [-L/usr/lib/../lib64/] ==> dir [/usr/lib/../lib64/]
    arg [-L/opt/intel/composer_xe_2013_sp1.2.144/compiler/lib/intel64/] ==> dir [/opt/intel/composer_xe_2013_sp1.2.144/compiler/lib/intel64/]
    arg [-L/opt/intel/composer_xe_2013_sp1.2.144/ipp/../compiler/lib/intel64/] ==> dir [/opt/intel/composer_xe_2013_sp1.2.144/ipp/../compiler/lib/intel64/]
    arg [-L/opt/intel/composer_xe_2013_sp1.2.144/ipp/lib/intel64/] ==> dir [/opt/intel/composer_xe_2013_sp1.2.144/ipp/lib/intel64/]
    arg [-L/opt/intel/composer_xe_2013_sp1.2.144/mkl/lib/intel64/] ==> dir [/opt/intel/composer_xe_2013_sp1.2.144/mkl/lib/intel64/]
    arg [-L/opt/intel/composer_xe_2013_sp1.2.144/tbb/lib/intel64/gcc4.4/] ==> dir [/opt/intel/composer_xe_2013_sp1.2.144/tbb/lib/intel64/gcc4.4/]
    arg [-L/opt/gnu/gcc/lib/gcc/x86_64-unknown-linux-gnu/4.9.2/../../../] ==> dir [/opt/gnu/gcc/lib/gcc/x86_64-unknown-linux-gnu/4.9.2/../../../]
    arg [-L/lib64] ==> dir [/lib64]
    arg [-L/lib/] ==> dir [/lib/]
    arg [-L/usr/lib64] ==> dir [/usr/lib64]
    arg [-L/usr/lib] ==> dir [/usr/lib]
    arg [CMakeFiles/cmTC_f7f11.dir/CMakeCXXCompilerABI.cpp.o] ==> ignore
    arg [-lmpicxx] ==> lib [mpicxx]
    arg [-rpath] ==> ignore
    arg [/opt/mvapich2/intel/ib/lib] ==> ignore
    arg [--enable-new-dtags] ==> ignore
    arg [-lmpi] ==> lib [mpi]
    arg [-Bdynamic] ==> ignore
    arg [-Bstatic] ==> ignore
    arg [-limf] ==> lib [imf]
    arg [-lsvml] ==> lib [svml]
    arg [-lirng] ==> lib [irng]
    arg [-Bdynamic] ==> ignore
    arg [-lm] ==> lib [m]
    arg [-Bstatic] ==> ignore
    arg [-lipgo] ==> lib [ipgo]
    arg [-ldecimal] ==> lib [decimal]
    arg [--as-needed] ==> ignore
    arg [-Bdynamic] ==> ignore
    arg [-lcilkrts] ==> lib [cilkrts]
    arg [--no-as-needed] ==> ignore
    arg [-lstdc++] ==> lib [stdc++]
    arg [-lgcc] ==> lib [gcc]
    arg [-lgcc_s] ==> lib [gcc_s]
    arg [-Bstatic] ==> ignore
    arg [-lirc] ==> lib [irc]
    arg [-lsvml] ==> lib [svml]
    arg [-Bdynamic] ==> ignore
    arg [-lc] ==> lib [c]
    arg [-lgcc] ==> lib [gcc]
    arg [-lgcc_s] ==> lib [gcc_s]
    arg [-Bstatic] ==> ignore
    arg [-lirc_s] ==> lib [irc_s]
    arg [-Bdynamic] ==> ignore
    arg [-ldl] ==> lib [dl]
    arg [-lc] ==> lib [c]
    arg [/opt/gnu/gcc/lib/gcc/x86_64-unknown-linux-gnu/4.9.2/crtend.o] ==> ignore
    arg [/usr/lib/../lib64/crtn.o] ==> ignore
  collapse library dir [/opt/mvapich2/intel/ib/lib] ==> [/opt/mvapich2/intel/ib/lib]
  collapse library dir [/opt/intel/composer_xe_2013_sp1.2.144/compiler/lib/intel64] ==> [/opt/intel/composer_xe_2013_sp1.2.144/compiler/lib/intel64]
  collapse library dir [/opt/intel/composer_xe_2013_sp1.2.144/ipp/../compiler/lib/intel64] ==> [/opt/intel/composer_xe_2013_sp1.2.144/compiler/lib/intel64]
  collapse library dir [/opt/intel/composer_xe_2013_sp1.2.144/ipp/lib/intel64] ==> [/opt/intel/composer_xe_2013_sp1.2.144/ipp/lib/intel64]
  collapse library dir [/opt/intel/composer_xe_2013_sp1.2.144/compiler/lib/intel64] ==> [/opt/intel/composer_xe_2013_sp1.2.144/compiler/lib/intel64]
  collapse library dir [/opt/intel/composer_xe_2013_sp1.2.144/mkl/lib/intel64] ==> [/opt/intel/composer_xe_2013_sp1.2.144/mkl/lib/intel64]
  collapse library dir [/opt/intel/composer_xe_2013_sp1.2.144/tbb/lib/intel64/gcc4.4] ==> [/opt/intel/composer_xe_2013_sp1.2.144/tbb/lib/intel64/gcc4.4]
  collapse library dir [/opt/intel/composer_xe_2013_sp1.2.144/compiler/lib/intel64] ==> [/opt/intel/composer_xe_2013_sp1.2.144/compiler/lib/intel64]
  collapse library dir [/opt/gnu/gcc/lib/gcc/x86_64-unknown-linux-gnu/4.9.2/] ==> [/opt/gnu/gcc/lib/gcc/x86_64-unknown-linux-gnu/4.9.2]
  collapse library dir [/opt/gnu/gcc/lib/gcc/x86_64-unknown-linux-gnu/4.9.2/../../../../lib64] ==> [/opt/gnu/gcc/lib64]
  collapse library dir [/opt/gnu/gcc/lib/gcc/x86_64-unknown-linux-gnu/4.9.2/../../../../lib64/] ==> [/opt/gnu/gcc/lib64]
  collapse library dir [/lib/../lib64] ==> [/lib64]
  collapse library dir [/lib/../lib64/] ==> [/lib64]
  collapse library dir [/usr/lib/../lib64] ==> [/usr/lib64]
  collapse library dir [/usr/lib/../lib64/] ==> [/usr/lib64]
  collapse library dir [/opt/intel/composer_xe_2013_sp1.2.144/compiler/lib/intel64/] ==> [/opt/intel/composer_xe_2013_sp1.2.144/compiler/lib/intel64]
  collapse library dir [/opt/intel/composer_xe_2013_sp1.2.144/ipp/../compiler/lib/intel64/] ==> [/opt/intel/composer_xe_2013_sp1.2.144/compiler/lib/intel64]
  collapse library dir [/opt/intel/composer_xe_2013_sp1.2.144/ipp/lib/intel64/] ==> [/opt/intel/composer_xe_2013_sp1.2.144/ipp/lib/intel64]
  collapse library dir [/opt/intel/composer_xe_2013_sp1.2.144/mkl/lib/intel64/] ==> [/opt/intel/composer_xe_2013_sp1.2.144/mkl/lib/intel64]
  collapse library dir [/opt/intel/composer_xe_2013_sp1.2.144/tbb/lib/intel64/gcc4.4/] ==> [/opt/intel/composer_xe_2013_sp1.2.144/tbb/lib/intel64/gcc4.4]
  collapse library dir [/opt/gnu/gcc/lib/gcc/x86_64-unknown-linux-gnu/4.9.2/../../../] ==> [/opt/gnu/gcc/lib]
  collapse library dir [/lib64] ==> [/lib64]
  collapse library dir [/lib/] ==> [/lib]
  collapse library dir [/usr/lib64] ==> [/usr/lib64]
  collapse library dir [/usr/lib] ==> [/usr/lib]
  implicit libs: [mpicxx;mpi;imf;svml;irng;m;ipgo;decimal;cilkrts;stdc++;gcc;gcc_s;irc;svml;c;gcc;gcc_s;irc_s;dl;c]
  implicit dirs: [/opt/mvapich2/intel/ib/lib;/opt/intel/composer_xe_2013_sp1.2.144/compiler/lib/intel64;/opt/intel/composer_xe_2013_sp1.2.144/ipp/lib/intel64;/opt/intel/composer_xe_2013_sp1.2.144/mkl/lib/intel64;/opt/intel/composer_xe_2013_sp1.2.144/tbb/lib/intel64/gcc4.4;/opt/gnu/gcc/lib/gcc/x86_64-unknown-linux-gnu/4.9.2;/opt/gnu/gcc/lib64;/lib64;/usr/lib64;/opt/gnu/gcc/lib;/lib;/usr/lib]
  implicit fwks: []




Detecting CXX [-std=c++11] compiler features compiled with the following output:
Change Dir: /home/tislam/Tools/perf-dump-perThread/BUILD-comet/CMakeFiles/CMakeTmp

Run Build Command:"/usr/bin/gmake" "cmTC_f9b3a/fast"
/usr/bin/gmake -f CMakeFiles/cmTC_f9b3a.dir/build.make CMakeFiles/cmTC_f9b3a.dir/build
gmake[1]: Entering directory `/home/tislam/Tools/perf-dump-perThread/BUILD-comet/CMakeFiles/CMakeTmp'
Building CXX object CMakeFiles/cmTC_f9b3a.dir/feature_tests.cxx.o
/opt/mvapich2/intel/ib/bin/mpic++    -std=c++11 -o CMakeFiles/cmTC_f9b3a.dir/feature_tests.cxx.o -c /home/tislam/Tools/perf-dump-perThread/BUILD-comet/CMakeFiles/feature_tests.cxx
Linking CXX executable cmTC_f9b3a
/opt/cmake/bin/cmake -E cmake_link_script CMakeFiles/cmTC_f9b3a.dir/link.txt --verbose=1
/opt/mvapich2/intel/ib/bin/mpic++       -rdynamic CMakeFiles/cmTC_f9b3a.dir/feature_tests.cxx.o  -o cmTC_f9b3a 
gmake[1]: Leaving directory `/home/tislam/Tools/perf-dump-perThread/BUILD-comet/CMakeFiles/CMakeTmp'


    Feature record: CXX_FEATURE:0cxx_aggregate_default_initializers
    Feature record: CXX_FEATURE:1cxx_alias_templates
    Feature record: CXX_FEATURE:0cxx_alignas
    Feature record: CXX_FEATURE:0cxx_alignof
    Feature record: CXX_FEATURE:1cxx_attributes
    Feature record: CXX_FEATURE:0cxx_attribute_deprecated
    Feature record: CXX_FEATURE:1cxx_auto_type
    Feature record: CXX_FEATURE:1cxx_binary_literals
    Feature record: CXX_FEATURE:1cxx_constexpr
    Feature record: CXX_FEATURE:0cxx_contextual_conversions
    Feature record: CXX_FEATURE:1cxx_decltype
    Feature record: CXX_FEATURE:0cxx_decltype_auto
    Feature record: CXX_FEATURE:1cxx_decltype_incomplete_return_types
    Feature record: CXX_FEATURE:1cxx_default_function_template_args
    Feature record: CXX_FEATURE:1cxx_defaulted_functions
    Feature record: CXX_FEATURE:1cxx_defaulted_move_initializers
    Feature record: CXX_FEATURE:1cxx_delegating_constructors
    Feature record: CXX_FEATURE:1cxx_deleted_functions
    Feature record: CXX_FEATURE:0cxx_digit_separators
    Feature record: CXX_FEATURE:1cxx_enum_forward_declarations
    Feature record: CXX_FEATURE:1cxx_explicit_conversions
    Feature record: CXX_FEATURE:1cxx_extended_friend_declarations
    Feature record: CXX_FEATURE:1cxx_extern_templates
    Feature record: CXX_FEATURE:1cxx_final
    Feature record: CXX_FEATURE:1cxx_func_identifier
    Feature record: CXX_FEATURE:0cxx_generic_lambdas
    Feature record: CXX_FEATURE:0cxx_inheriting_constructors
    Feature record: CXX_FEATURE:1cxx_inline_namespaces
    Feature record: CXX_FEATURE:1cxx_lambdas
    Feature record: CXX_FEATURE:0cxx_lambda_init_captures
    Feature record: CXX_FEATURE:1cxx_local_type_template_args
    Feature record: CXX_FEATURE:1cxx_long_long_type
    Feature record: CXX_FEATURE:1cxx_noexcept
    Feature record: CXX_FEATURE:1cxx_nonstatic_member_init
    Feature record: CXX_FEATURE:1cxx_nullptr
    Feature record: CXX_FEATURE:1cxx_override
    Feature record: CXX_FEATURE:1cxx_range_for
    Feature record: CXX_FEATURE:1cxx_raw_string_literals
    Feature record: CXX_FEATURE:1cxx_reference_qualified_functions
    Feature record: CXX_FEATURE:0cxx_relaxed_constexpr
    Feature record: CXX_FEATURE:0cxx_return_type_deduction
    Feature record: CXX_FEATURE:1cxx_right_angle_brackets
    Feature record: CXX_FEATURE:1cxx_rvalue_references
    Feature record: CXX_FEATURE:1cxx_sizeof_member
    Feature record: CXX_FEATURE:1cxx_static_assert
    Feature record: CXX_FEATURE:1cxx_strong_enums
    Feature record: CXX_FEATURE:1cxx_template_template_parameters
    Feature record: CXX_FEATURE:0cxx_thread_local
    Feature record: CXX_FEATURE:1cxx_trailing_return_types
    Feature record: CXX_FEATURE:1cxx_unicode_literals
    Feature record: CXX_FEATURE:1cxx_uniform_initialization
    Feature record: CXX_FEATURE:1cxx_unrestricted_unions
    Feature record: CXX_FEATURE:0cxx_user_literals
    Feature record: CXX_FEATURE:0cxx_variable_templates
    Feature record: CXX_FEATURE:1cxx_variadic_macros
    Feature record: CXX_FEATURE:1cxx_variadic_templates


Detecting CXX [-std=c++98] compiler features compiled with the following output:
Change Dir: /home/tislam/Tools/perf-dump-perThread/BUILD-comet/CMakeFiles/CMakeTmp

Run Build Command:"/usr/bin/gmake" "cmTC_7756f/fast"
/usr/bin/gmake -f CMakeFiles/cmTC_7756f.dir/build.make CMakeFiles/cmTC_7756f.dir/build
gmake[1]: Entering directory `/home/tislam/Tools/perf-dump-perThread/BUILD-comet/CMakeFiles/CMakeTmp'
Building CXX object CMakeFiles/cmTC_7756f.dir/feature_tests.cxx.o
/opt/mvapich2/intel/ib/bin/mpic++    -std=c++98 -o CMakeFiles/cmTC_7756f.dir/feature_tests.cxx.o -c /home/tislam/Tools/perf-dump-perThread/BUILD-comet/CMakeFiles/feature_tests.cxx
Linking CXX executable cmTC_7756f
/opt/cmake/bin/cmake -E cmake_link_script CMakeFiles/cmTC_7756f.dir/link.txt --verbose=1
/opt/mvapich2/intel/ib/bin/mpic++       -rdynamic CMakeFiles/cmTC_7756f.dir/feature_tests.cxx.o  -o cmTC_7756f 
gmake[1]: Leaving directory `/home/tislam/Tools/perf-dump-perThread/BUILD-comet/CMakeFiles/CMakeTmp'


    Feature record: CXX_FEATURE:0cxx_aggregate_default_initializers
    Feature record: CXX_FEATURE:0cxx_alias_templates
    Feature record: CXX_FEATURE:0cxx_alignas
    Feature record: CXX_FEATURE:0cxx_alignof
    Feature record: CXX_FEATURE:0cxx_attributes
    Feature record: CXX_FEATURE:0cxx_attribute_deprecated
    Feature record: CXX_FEATURE:0cxx_auto_type
    Feature record: CXX_FEATURE:1cxx_binary_literals
    Feature record: CXX_FEATURE:0cxx_constexpr
    Feature record: CXX_FEATURE:0cxx_contextual_conversions
    Feature record: CXX_FEATURE:0cxx_decltype
    Feature record: CXX_FEATURE:0cxx_decltype_auto
    Feature record: CXX_FEATURE:0cxx_decltype_incomplete_return_types
    Feature record: CXX_FEATURE:0cxx_default_function_template_args
    Feature record: CXX_FEATURE:0cxx_defaulted_functions
    Feature record: CXX_FEATURE:0cxx_defaulted_move_initializers
    Feature record: CXX_FEATURE:0cxx_delegating_constructors
    Feature record: CXX_FEATURE:0cxx_deleted_functions
    Feature record: CXX_FEATURE:0cxx_digit_separators
    Feature record: CXX_FEATURE:0cxx_enum_forward_declarations
    Feature record: CXX_FEATURE:0cxx_explicit_conversions
    Feature record: CXX_FEATURE:0cxx_extended_friend_declarations
    Feature record: CXX_FEATURE:0cxx_extern_templates
    Feature record: CXX_FEATURE:0cxx_final
    Feature record: CXX_FEATURE:0cxx_func_identifier
    Feature record: CXX_FEATURE:0cxx_generic_lambdas
    Feature record: CXX_FEATURE:0cxx_inheriting_constructors
    Feature record: CXX_FEATURE:0cxx_inline_namespaces
    Feature record: CXX_FEATURE:0cxx_lambdas
    Feature record: CXX_FEATURE:0cxx_lambda_init_captures
    Feature record: CXX_FEATURE:0cxx_local_type_template_args
    Feature record: CXX_FEATURE:0cxx_long_long_type
    Feature record: CXX_FEATURE:0cxx_noexcept
    Feature record: CXX_FEATURE:0cxx_nonstatic_member_init
    Feature record: CXX_FEATURE:0cxx_nullptr
    Feature record: CXX_FEATURE:0cxx_override
    Feature record: CXX_FEATURE:0cxx_range_for
    Feature record: CXX_FEATURE:0cxx_raw_string_literals
    Feature record: CXX_FEATURE:0cxx_reference_qualified_functions
    Feature record: CXX_FEATURE:0cxx_relaxed_constexpr
    Feature record: CXX_FEATURE:0cxx_return_type_deduction
    Feature record: CXX_FEATURE:0cxx_right_angle_brackets
    Feature record: CXX_FEATURE:0cxx_rvalue_references
    Feature record: CXX_FEATURE:0cxx_sizeof_member
    Feature record: CXX_FEATURE:0cxx_static_assert
    Feature record: CXX_FEATURE:0cxx_strong_enums
    Feature record: CXX_FEATURE:0cxx_template_template_parameters
    Feature record: CXX_FEATURE:0cxx_thread_local
    Feature record: CXX_FEATURE:0cxx_trailing_return_types
    Feature record: CXX_FEATURE:0cxx_unicode_literals
    Feature record: CXX_FEATURE:0cxx_uniform_initialization
    Feature record: CXX_FEATURE:0cxx_unrestricted_unions
    Feature record: CXX_FEATURE:0cxx_user_literals
    Feature record: CXX_FEATURE:0cxx_variable_templates
    Feature record: CXX_FEATURE:0cxx_variadic_macros
    Feature record: CXX_FEATURE:0cxx_variadic_templates
Performing C SOURCE FILE Test OpenMP_FLAG_DETECTED succeded with the following output:
Change Dir: /home/tislam/Tools/perf-dump-perThread/BUILD-comet/CMakeFiles/CMakeTmp

Run Build Command:"/usr/bin/gmake" "cmTC_7afe6/fast"
/usr/bin/gmake -f CMakeFiles/cmTC_7afe6.dir/build.make CMakeFiles/cmTC_7afe6.dir/build
gmake[1]: Entering directory `/home/tislam/Tools/perf-dump-perThread/BUILD-comet/CMakeFiles/CMakeTmp'
Building C object CMakeFiles/cmTC_7afe6.dir/src.c.o
/opt/mvapich2/intel/ib/bin/mpicc   -DOpenMP_FLAG_DETECTED -openmp   -o CMakeFiles/cmTC_7afe6.dir/src.c.o   -c /home/tislam/Tools/perf-dump-perThread/BUILD-comet/CMakeFiles/CMakeTmp/src.c
Linking C executable cmTC_7afe6
/opt/cmake/bin/cmake -E cmake_link_script CMakeFiles/cmTC_7afe6.dir/link.txt --verbose=1
/opt/mvapich2/intel/ib/bin/mpicc  -DOpenMP_FLAG_DETECTED -openmp    -rdynamic CMakeFiles/cmTC_7afe6.dir/src.c.o  -o cmTC_7afe6 
gmake[1]: Leaving directory `/home/tislam/Tools/perf-dump-perThread/BUILD-comet/CMakeFiles/CMakeTmp'

Source file was:

#include <omp.h>
int main() {
#ifdef _OPENMP
  return 0;
#else
  breaks_on_purpose
#endif
}

Performing C++ SOURCE FILE Test OpenMP_FLAG_DETECTED succeded with the following output:
Change Dir: /home/tislam/Tools/perf-dump-perThread/BUILD-comet/CMakeFiles/CMakeTmp

Run Build Command:"/usr/bin/gmake" "cmTC_1aea6/fast"
/usr/bin/gmake -f CMakeFiles/cmTC_1aea6.dir/build.make CMakeFiles/cmTC_1aea6.dir/build
gmake[1]: Entering directory `/home/tislam/Tools/perf-dump-perThread/BUILD-comet/CMakeFiles/CMakeTmp'
Building CXX object CMakeFiles/cmTC_1aea6.dir/src.cxx.o
/opt/mvapich2/intel/ib/bin/mpic++    -DOpenMP_FLAG_DETECTED -openmp   -o CMakeFiles/cmTC_1aea6.dir/src.cxx.o -c /home/tislam/Tools/perf-dump-perThread/BUILD-comet/CMakeFiles/CMakeTmp/src.cxx
Linking CXX executable cmTC_1aea6
/opt/cmake/bin/cmake -E cmake_link_script CMakeFiles/cmTC_1aea6.dir/link.txt --verbose=1
/opt/mvapich2/intel/ib/bin/mpic++   -DOpenMP_FLAG_DETECTED -openmp    -rdynamic CMakeFiles/cmTC_1aea6.dir/src.cxx.o  -o cmTC_1aea6 
gmake[1]: Leaving directory `/home/tislam/Tools/perf-dump-perThread/BUILD-comet/CMakeFiles/CMakeTmp'

Source file was:

#include <omp.h>
int main() {
#ifdef _OPENMP
  return 0;
#else
  breaks_on_purpose
#endif
}

